0 info it worked if it ends with ok
1 verbose cli [ '/usr/bin/nodejs', '/usr/bin/npm', 'run', 'development' ]
2 info using npm@3.10.3
3 info using node@v6.6.0
4 verbose run-script [ 'predevelopment', 'development', 'postdevelopment' ]
5 info lifecycle react-universal-blog@1.0.0~predevelopment: react-universal-blog@1.0.0
6 silly lifecycle react-universal-blog@1.0.0~predevelopment: no script for predevelopment, continuing
7 info lifecycle react-universal-blog@1.0.0~development: react-universal-blog@1.0.0
8 verbose lifecycle react-universal-blog@1.0.0~development: unsafe-perm in lifecycle true
9 verbose lifecycle react-universal-blog@1.0.0~development: PATH: /usr/lib/node_modules/npm/bin/node-gyp-bin:/home/vannak/Development/heroku/react-blog/node_modules/.bin:/usr/bin:/home/vannak/bin:/home/vannak/.local/bin:/usr/local/heroku/bin:/home/vannak/.rvm/gems/ruby-2.3.0/bin:/home/vannak/.rvm/gems/ruby-2.3.0@global/bin:/home/vannak/.rvm/rubies/ruby-2.3.0/bin:/home/vannak/bin:/home/vannak/.local/bin:/home/vannak/bin:/home/vannak/.local/bin:/usr/local/sbin:/usr/local/bin:/usr/sbin:/usr/bin:/sbin:/bin:/usr/games:/usr/local/games:/snap/bin:/home/vannak/.rvm/bin:/snap/bin:/home/vannak/.rvm/bin:/home/vannak/.rvm/bin:/snap/bin:/home/vannak/.rvm/bin:/home/vannak/.rvm/bin
10 verbose lifecycle react-universal-blog@1.0.0~development: CWD: /home/vannak/Development/heroku/react-blog
11 silly lifecycle react-universal-blog@1.0.0~development: Args: [ '-c',
11 silly lifecycle   'cp views/index.html public/index.html && NODE_ENV=development webpack && webpack-dev-server --content-base public/ --hot --inline --devtool inline-source-map --history-api-fallback' ]
12 silly lifecycle react-universal-blog@1.0.0~development: Returned: code: 1  signal: null
13 info lifecycle react-universal-blog@1.0.0~development: Failed to exec development script
14 verbose stack Error: react-universal-blog@1.0.0 development: `cp views/index.html public/index.html && NODE_ENV=development webpack && webpack-dev-server --content-base public/ --hot --inline --devtool inline-source-map --history-api-fallback`
14 verbose stack Exit status 1
14 verbose stack     at EventEmitter.<anonymous> (/usr/lib/node_modules/npm/lib/utils/lifecycle.js:242:16)
14 verbose stack     at emitTwo (events.js:106:13)
14 verbose stack     at EventEmitter.emit (events.js:191:7)
14 verbose stack     at ChildProcess.<anonymous> (/usr/lib/node_modules/npm/lib/utils/spawn.js:40:14)
14 verbose stack     at emitTwo (events.js:106:13)
14 verbose stack     at ChildProcess.emit (events.js:191:7)
14 verbose stack     at maybeClose (internal/child_process.js:877:16)
14 verbose stack     at Process.ChildProcess._handle.onexit (internal/child_process.js:226:5)
15 verbose pkgid react-universal-blog@1.0.0
16 verbose cwd /home/vannak/Development/heroku/react-blog
17 error Linux 4.4.0-45-generic
18 error argv "/usr/bin/nodejs" "/usr/bin/npm" "run" "development"
19 error node v6.6.0
20 error npm  v3.10.3
21 error code ELIFECYCLE
22 error react-universal-blog@1.0.0 development: `cp views/index.html public/index.html && NODE_ENV=development webpack && webpack-dev-server --content-base public/ --hot --inline --devtool inline-source-map --history-api-fallback`
22 error Exit status 1
23 error Failed at the react-universal-blog@1.0.0 development script 'cp views/index.html public/index.html && NODE_ENV=development webpack && webpack-dev-server --content-base public/ --hot --inline --devtool inline-source-map --history-api-fallback'.
23 error Make sure you have the latest version of node.js and npm installed.
23 error If you do, this is most likely a problem with the react-universal-blog package,
23 error not with npm itself.
23 error Tell the author that this fails on your system:
23 error     cp views/index.html public/index.html && NODE_ENV=development webpack && webpack-dev-server --content-base public/ --hot --inline --devtool inline-source-map --history-api-fallback
23 error You can get information on how to open an issue for this project with:
23 error     npm bugs react-universal-blog
23 error Or if that isn't available, you can get their info via:
23 error     npm owner ls react-universal-blog
23 error There is likely additional logging output above.
24 verbose exit [ 1, true ]
